<?xml version="1.0" encoding="UTF-8"?>
<robot generator="Robot 7.3.2 (Python 3.13.1 on win32)" generated="2025-11-27T14:37:14.209466" rpa="false" schemaversion="5">
<suite id="s1" name="testDemo2" source="C:\Users\alexyang\PycharmProjects\RobotFramework\tests\testDemo2.robot">
<test id="s1-t1" name="Validate Cards display in the Shopping Page" line="23">
<kw name="Open The Browser With The Mortgage Payment Url" owner="Generic" type="SETUP">
<kw name="Open Browser" owner="SeleniumLibrary">
<msg time="2025-11-27T14:37:14.543113" level="INFO">Opening browser 'Edge' to base url 'None'.</msg>
<arg>browser=Edge</arg>
<arg>options=add_argument("--incognito"); add_argument("--window-size=1366,900"); add_experimental_option("detach", True)</arg>
<doc>Opens a new browser instance to the optional ``url``.</doc>
<status status="PASS" start="2025-11-27T14:37:14.542806" elapsed="2.640383"/>
</kw>
<kw name="Go To" owner="SeleniumLibrary">
<msg time="2025-11-27T14:37:17.184442" level="INFO">Opening url 'https://rahulshettyacademy.com/loginpagePractise/'</msg>
<arg>${url}</arg>
<doc>Navigates the current browser window to the provided ``url``.</doc>
<status status="PASS" start="2025-11-27T14:37:17.183774" elapsed="1.603554"/>
</kw>
<status status="PASS" start="2025-11-27T14:37:14.542060" elapsed="4.245593"/>
</kw>
<kw name="Fill the login Form">
<kw name="Input Text" owner="SeleniumLibrary">
<msg time="2025-11-27T14:37:18.789534" level="INFO">Typing text 'rahulshettyacademy' into text field 'id:username'.</msg>
<arg>id:username</arg>
<arg>${username}</arg>
<doc>Types the given ``text`` into the text field identified by ``locator``.</doc>
<status status="PASS" start="2025-11-27T14:37:18.788848" elapsed="0.120870"/>
</kw>
<kw name="Input Password" owner="SeleniumLibrary">
<msg time="2025-11-27T14:37:18.910922" level="INFO">Typing password into text field 'id:password'.</msg>
<msg time="2025-11-27T14:37:18.948314" level="INFO">Temporally setting log level to: NONE</msg>
<arg>id:password</arg>
<arg>${password}</arg>
<doc>Types the given password into the text field identified by ``locator``.</doc>
<status status="PASS" start="2025-11-27T14:37:18.910031" elapsed="0.088233"/>
</kw>
<kw name="Click Button" owner="SeleniumLibrary">
<msg time="2025-11-27T14:37:18.999044" level="INFO">Clicking button 'signInBtn'.</msg>
<arg>signInBtn</arg>
<doc>Clicks the button identified by ``locator``.</doc>
<status status="PASS" start="2025-11-27T14:37:18.998467" elapsed="0.080046"/>
</kw>
<arg>${user_name}</arg>
<arg>${valid_password}</arg>
<status status="PASS" start="2025-11-27T14:37:18.788041" elapsed="0.290618"/>
</kw>
<kw name="Wait Until Element Is Located In The Page">
<kw name="Wait Until Element Is Visible" owner="SeleniumLibrary">
<arg>${element}</arg>
<doc>Waits until the element ``locator`` is visible.</doc>
<status status="PASS" start="2025-11-27T14:37:19.079568" elapsed="3.965280"/>
</kw>
<arg>${Shop_page_load}</arg>
<status status="PASS" start="2025-11-27T14:37:19.078859" elapsed="3.966105"/>
</kw>
<kw name="Verify Card titles in the Shop page">
<kw name="Create List" owner="BuiltIn">
<msg time="2025-11-27T14:37:23.046058" level="INFO">@{expectedList} = [ iphone X | Samsung Note 8 | Nokia Edge | Blackberry ]</msg>
<var>@{expectedList}</var>
<arg>iphone X</arg>
<arg>Samsung Note 8</arg>
<arg>Nokia Edge</arg>
<arg>Blackberry</arg>
<doc>Returns a list containing given items.</doc>
<status status="PASS" start="2025-11-27T14:37:23.045737" elapsed="0.000354"/>
</kw>
<kw name="Get WebElements" owner="SeleniumLibrary">
<msg time="2025-11-27T14:37:23.054686" level="INFO">${elements} = [&lt;selenium.webdriver.remote.webelement.WebElement (session="f68d4e9e6a8399246868989e20795bd9", element="f.337916970DEEB858A60DE7D29C065462.d.2019D809AEE3D37EAFAAADE52909FFE0.e.53")&gt;, &lt;selenium.webdriv...</msg>
<var>${elements}</var>
<arg>css:.card-title</arg>
<doc>Returns a list of WebElement objects matching the ``locator``.</doc>
<status status="PASS" start="2025-11-27T14:37:23.046203" elapsed="0.008534"/>
</kw>
<kw name="Create List" owner="BuiltIn">
<msg time="2025-11-27T14:37:23.055361" level="INFO">@{actualList} = [ ]</msg>
<var>@{actualList}</var>
<doc>Returns a list containing given items.</doc>
<status status="PASS" start="2025-11-27T14:37:23.054903" elapsed="0.000510"/>
</kw>
<for flavor="IN">
<iter>
<kw name="Log" owner="BuiltIn">
<msg time="2025-11-27T14:37:23.071560" level="INFO">iphone X</msg>
<arg>${element.text}</arg>
<doc>Logs the given message with the given level.</doc>
<status status="PASS" start="2025-11-27T14:37:23.056150" elapsed="0.015482"/>
</kw>
<kw name="Append To List" owner="Collections">
<arg>${actualList}</arg>
<arg>${element.text}</arg>
<doc>Adds ``values`` to the end of ``list``.</doc>
<status status="PASS" start="2025-11-27T14:37:23.071793" elapsed="0.007432"/>
</kw>
<var name="${element}">&lt;selenium.webdriver.remote.webelement.WebElement (session="f68d4e9e6a8399246868989e20795bd9", element="f.337916970DEEB858A60DE7D29C065462.d.2019D809AEE3D37EAFAAADE52909FFE0.e.53")&gt;</var>
<status status="PASS" start="2025-11-27T14:37:23.055902" elapsed="0.023399"/>
</iter>
<iter>
<kw name="Log" owner="BuiltIn">
<msg time="2025-11-27T14:37:23.086355" level="INFO">Samsung Note 8</msg>
<arg>${element.text}</arg>
<doc>Logs the given message with the given level.</doc>
<status status="PASS" start="2025-11-27T14:37:23.079792" elapsed="0.006620"/>
</kw>
<kw name="Append To List" owner="Collections">
<arg>${actualList}</arg>
<arg>${element.text}</arg>
<doc>Adds ``values`` to the end of ``list``.</doc>
<status status="PASS" start="2025-11-27T14:37:23.086538" elapsed="0.006046"/>
</kw>
<var name="${element}">&lt;selenium.webdriver.remote.webelement.WebElement (session="f68d4e9e6a8399246868989e20795bd9", element="f.337916970DEEB858A60DE7D29C065462.d.2019D809AEE3D37EAFAAADE52909FFE0.e.54")&gt;</var>
<status status="PASS" start="2025-11-27T14:37:23.079440" elapsed="0.013215"/>
</iter>
<iter>
<kw name="Log" owner="BuiltIn">
<msg time="2025-11-27T14:37:23.098923" level="INFO">Nokia Edge</msg>
<arg>${element.text}</arg>
<doc>Logs the given message with the given level.</doc>
<status status="PASS" start="2025-11-27T14:37:23.093056" elapsed="0.005927"/>
</kw>
<kw name="Append To List" owner="Collections">
<arg>${actualList}</arg>
<arg>${element.text}</arg>
<doc>Adds ``values`` to the end of ``list``.</doc>
<status status="PASS" start="2025-11-27T14:37:23.099111" elapsed="0.006915"/>
</kw>
<var name="${element}">&lt;selenium.webdriver.remote.webelement.WebElement (session="f68d4e9e6a8399246868989e20795bd9", element="f.337916970DEEB858A60DE7D29C065462.d.2019D809AEE3D37EAFAAADE52909FFE0.e.55")&gt;</var>
<status status="PASS" start="2025-11-27T14:37:23.092784" elapsed="0.013307"/>
</iter>
<iter>
<kw name="Log" owner="BuiltIn">
<msg time="2025-11-27T14:37:23.113030" level="INFO">Blackberry</msg>
<arg>${element.text}</arg>
<doc>Logs the given message with the given level.</doc>
<status status="PASS" start="2025-11-27T14:37:23.106489" elapsed="0.006594"/>
</kw>
<kw name="Append To List" owner="Collections">
<arg>${actualList}</arg>
<arg>${element.text}</arg>
<doc>Adds ``values`` to the end of ``list``.</doc>
<status status="PASS" start="2025-11-27T14:37:23.113184" elapsed="0.005876"/>
</kw>
<var name="${element}">&lt;selenium.webdriver.remote.webelement.WebElement (session="f68d4e9e6a8399246868989e20795bd9", element="f.337916970DEEB858A60DE7D29C065462.d.2019D809AEE3D37EAFAAADE52909FFE0.e.56")&gt;</var>
<status status="PASS" start="2025-11-27T14:37:23.106211" elapsed="0.012910"/>
</iter>
<var>${element}</var>
<value>@{elements}</value>
<status status="PASS" start="2025-11-27T14:37:23.055528" elapsed="0.063656"/>
</for>
<kw name="Lists Should Be Equal" owner="Collections">
<arg>${expectedList}</arg>
<arg>${actualList}</arg>
<doc>Fails if given lists are unequal.</doc>
<status status="PASS" start="2025-11-27T14:37:23.119303" elapsed="0.000323"/>
</kw>
<status status="PASS" start="2025-11-27T14:37:23.045172" elapsed="0.074523"/>
</kw>
<kw name="Select the Card">
<kw name="Get WebElements" owner="SeleniumLibrary">
<msg time="2025-11-27T14:37:23.125323" level="INFO">${elements} = [&lt;selenium.webdriver.remote.webelement.WebElement (session="f68d4e9e6a8399246868989e20795bd9", element="f.337916970DEEB858A60DE7D29C065462.d.2019D809AEE3D37EAFAAADE52909FFE0.e.53")&gt;, &lt;selenium.webdriv...</msg>
<var>${elements}</var>
<arg>css:.card-title</arg>
<doc>Returns a list of WebElement objects matching the ``locator``.</doc>
<status status="PASS" start="2025-11-27T14:37:23.120331" elapsed="0.005064"/>
</kw>
<kw name="Set Variable" owner="BuiltIn">
<msg time="2025-11-27T14:37:23.125745" level="INFO">${index} = 1</msg>
<var>${index}</var>
<arg>1</arg>
<doc>Returns the given values which can then be assigned to a variables.</doc>
<status status="PASS" start="2025-11-27T14:37:23.125496" elapsed="0.000275"/>
</kw>
<for flavor="IN">
<iter>
<kw name="Exit For Loop If" owner="BuiltIn">
<arg>'${cardName}' == '${element.text}'</arg>
<doc>Stops executing the enclosing FOR loop if the ``condition`` is true.</doc>
<status status="PASS" start="2025-11-27T14:37:23.126284" elapsed="0.006504"/>
</kw>
<kw name="Evaluate" owner="BuiltIn">
<msg time="2025-11-27T14:37:23.133352" level="INFO">${index} = 2</msg>
<var>${index}</var>
<arg>${index} + 1</arg>
<doc>Evaluates the given expression in Python and returns the result.</doc>
<status status="PASS" start="2025-11-27T14:37:23.132936" elapsed="0.000446"/>
</kw>
<var name="${element}">&lt;selenium.webdriver.remote.webelement.WebElement (session="f68d4e9e6a8399246868989e20795bd9", element="f.337916970DEEB858A60DE7D29C065462.d.2019D809AEE3D37EAFAAADE52909FFE0.e.53")&gt;</var>
<status status="PASS" start="2025-11-27T14:37:23.126094" elapsed="0.007338"/>
</iter>
<iter>
<kw name="Exit For Loop If" owner="BuiltIn">
<arg>'${cardName}' == '${element.text}'</arg>
<doc>Stops executing the enclosing FOR loop if the ``condition`` is true.</doc>
<status status="PASS" start="2025-11-27T14:37:23.133750" elapsed="0.005569"/>
</kw>
<kw name="Evaluate" owner="BuiltIn">
<msg time="2025-11-27T14:37:23.139774" level="INFO">${index} = 3</msg>
<var>${index}</var>
<arg>${index} + 1</arg>
<doc>Evaluates the given expression in Python and returns the result.</doc>
<status status="PASS" start="2025-11-27T14:37:23.139439" elapsed="0.000363"/>
</kw>
<var name="${element}">&lt;selenium.webdriver.remote.webelement.WebElement (session="f68d4e9e6a8399246868989e20795bd9", element="f.337916970DEEB858A60DE7D29C065462.d.2019D809AEE3D37EAFAAADE52909FFE0.e.54")&gt;</var>
<status status="PASS" start="2025-11-27T14:37:23.133537" elapsed="0.006312"/>
</iter>
<iter>
<kw name="Exit For Loop If" owner="BuiltIn">
<msg time="2025-11-27T14:37:23.145338" level="INFO">Exiting for loop altogether.</msg>
<arg>'${cardName}' == '${element.text}'</arg>
<doc>Stops executing the enclosing FOR loop if the ``condition`` is true.</doc>
<status status="PASS" start="2025-11-27T14:37:23.140146" elapsed="0.005264"/>
</kw>
<kw name="Evaluate" owner="BuiltIn">
<var>${index}</var>
<arg>${index} + 1</arg>
<doc>Evaluates the given expression in Python and returns the result.</doc>
<status status="NOT RUN" start="2025-11-27T14:37:23.145564" elapsed="0.000253"/>
</kw>
<var name="${element}">&lt;selenium.webdriver.remote.webelement.WebElement (session="f68d4e9e6a8399246868989e20795bd9", element="f.337916970DEEB858A60DE7D29C065462.d.2019D809AEE3D37EAFAAADE52909FFE0.e.55")&gt;</var>
<status status="PASS" start="2025-11-27T14:37:23.139943" elapsed="0.005927"/>
</iter>
<var>${element}</var>
<value>@{elements}</value>
<status status="PASS" start="2025-11-27T14:37:23.125837" elapsed="0.020084"/>
</for>
<kw name="Click Button" owner="SeleniumLibrary">
<msg time="2025-11-27T14:37:23.146331" level="INFO">Clicking button 'xpath:(//*[@class='card-footer'])[3]/button'.</msg>
<arg>xpath:(//*[@class='card-footer'])[${index}]/button</arg>
<doc>Clicks the button identified by ``locator``.</doc>
<status status="PASS" start="2025-11-27T14:37:23.146029" elapsed="0.068600"/>
</kw>
<arg>Nokia Edge</arg>
<status status="PASS" start="2025-11-27T14:37:23.119998" elapsed="0.094767"/>
</kw>
<kw name="Close Browser Session" owner="Generic" type="TEARDOWN">
<kw name="Close Browser" owner="SeleniumLibrary">
<doc>Closes the current browser.</doc>
<status status="PASS" start="2025-11-27T14:37:23.215519" elapsed="2.242393"/>
</kw>
<status status="PASS" start="2025-11-27T14:37:23.214989" elapsed="2.243050"/>
</kw>
<status status="PASS" start="2025-11-27T14:37:14.541499" elapsed="10.916593"/>
</test>
<doc>To validate the Login form
Resource
For Loop</doc>
<status status="PASS" start="2025-11-27T14:37:14.232765" elapsed="11.225860"/>
</suite>
<statistics>
<total>
<stat pass="1" fail="0" skip="0">All Tests</stat>
</total>
<tag>
</tag>
<suite>
<stat name="testDemo2" id="s1" pass="1" fail="0" skip="0">testDemo2</stat>
</suite>
</statistics>
<errors>
</errors>
</robot>
