<?xml version="1.0" encoding="UTF-8"?>
<robot generator="Robot 7.3.2 (Python 3.14.0 on darwin)" generated="2025-12-18T18:38:37.314943" rpa="false" schemaversion="5">
<suite id="s1" name="testDemo6" source="/Users/zongrunyang/PycharmProjects/robot-framework-project/tests/testDemo6.robot">
<test id="s1-t1" name="Validate Unsuccessful Login" line="25">
<kw name="Open The Browser With Different Browser" owner="Generic" type="SETUP">
<kw name="Open Browser" owner="SeleniumLibrary">
<msg time="2025-12-18T18:38:37.363662" level="INFO">Opening browser 'headlesschrome' to base url 'None'.</msg>
<arg>browser=headlesschrome</arg>
<arg>options=add_argument("--incognito"); add_argument("--window-size=1366,900")</arg>
<doc>Opens a new browser instance to the optional ``url``.</doc>
<status status="PASS" start="2025-12-18T18:38:37.363582" elapsed="0.327640"/>
</kw>
<kw name="Go To" owner="SeleniumLibrary">
<msg time="2025-12-18T18:38:37.691754" level="INFO">Opening url 'https://rahulshettyacademy.com/loginpagePractise/'</msg>
<arg>${url}</arg>
<doc>Navigates the current browser window to the provided ``url``.</doc>
<status status="PASS" start="2025-12-18T18:38:37.691537" elapsed="1.180367"/>
</kw>
<status status="PASS" start="2025-12-18T18:38:37.363195" elapsed="1.508805"/>
</kw>
<kw name="Fill the login Form" owner="LandingPage">
<kw name="Input Text" owner="SeleniumLibrary">
<msg time="2025-12-18T18:38:38.872743" level="INFO">Typing text 'rahulshettyacademy' into text field 'id:username'.</msg>
<arg>id:username</arg>
<arg>${username}</arg>
<doc>Types the given ``text`` into the text field identified by ``locator``.</doc>
<status status="PASS" start="2025-12-18T18:38:38.872480" elapsed="0.074018"/>
</kw>
<kw name="Input Password" owner="SeleniumLibrary">
<msg time="2025-12-18T18:38:38.946724" level="INFO">Typing password into text field 'id:password'.</msg>
<msg time="2025-12-18T18:38:38.958336" level="INFO">Temporally setting log level to: NONE</msg>
<arg>id:password</arg>
<arg>${password}</arg>
<doc>Types the given password into the text field identified by ``locator``.</doc>
<status status="PASS" start="2025-12-18T18:38:38.946604" elapsed="0.024590"/>
</kw>
<kw name="Click Button" owner="SeleniumLibrary">
<msg time="2025-12-18T18:38:38.971391" level="INFO">Clicking button 'signInBtn'.</msg>
<arg>signInBtn</arg>
<doc>Clicks the button identified by ``locator``.</doc>
<status status="PASS" start="2025-12-18T18:38:38.971289" elapsed="0.023044"/>
</kw>
<arg>${user_name}</arg>
<arg>${invalid_password}</arg>
<status status="PASS" start="2025-12-18T18:38:38.872258" elapsed="0.122134"/>
</kw>
<kw name="Wait Until Element Is Located In The Page" owner="LandingPage">
<kw name="Wait until element passed is located on Page" owner="Generic">
<kw name="Wait Until Element Is Visible" owner="SeleniumLibrary">
<arg>${page_locator}</arg>
<arg>timeout=10</arg>
<doc>Waits until the element ``locator`` is visible.</doc>
<status status="PASS" start="2025-12-18T18:38:38.994740" elapsed="2.161994"/>
</kw>
<arg>${Error_Message_Login}</arg>
<status status="PASS" start="2025-12-18T18:38:38.994642" elapsed="2.162274"/>
</kw>
<status status="PASS" start="2025-12-18T18:38:38.994522" elapsed="2.162456"/>
</kw>
<kw name="Verify Error Message Is Correct" owner="LandingPage">
<kw name="Get Text" owner="SeleniumLibrary">
<msg time="2025-12-18T18:38:41.172727" level="INFO">${result} = Incorrect username/password.</msg>
<var>${result}</var>
<arg>${Error_Message_Login}</arg>
<doc>Returns the text value of the element identified by ``locator``.</doc>
<status status="PASS" start="2025-12-18T18:38:41.157730" elapsed="0.015056"/>
</kw>
<kw name="Should Be Equal As Strings" owner="BuiltIn">
<arg>${result}</arg>
<arg>Incorrect username/password.</arg>
<doc>Fails if objects are unequal after converting them to strings.</doc>
<status status="PASS" start="2025-12-18T18:38:41.173003" elapsed="0.000234"/>
</kw>
<kw name="Element Text Should Be" owner="SeleniumLibrary">
<msg time="2025-12-18T18:38:41.173505" level="INFO">Verifying element 'css:.alert-danger' contains exact text 'Incorrect username/password.'.</msg>
<arg>${Error_Message_Login}</arg>
<arg>Incorrect username/password.</arg>
<doc>Verifies that element ``locator`` contains exact the text ``expected``.</doc>
<status status="PASS" start="2025-12-18T18:38:41.173342" elapsed="0.007383"/>
</kw>
<status status="PASS" start="2025-12-18T18:38:41.157344" elapsed="0.023444"/>
</kw>
<kw name="Close Browser Session" owner="Generic" type="TEARDOWN">
<kw name="Close Browser" owner="SeleniumLibrary">
<doc>Closes the current browser.</doc>
<status status="PASS" start="2025-12-18T18:38:41.181201" elapsed="0.070189"/>
</kw>
<status status="PASS" start="2025-12-18T18:38:41.181038" elapsed="0.070419"/>
</kw>
<tag>SMOKE</tag>
<status status="PASS" start="2025-12-18T18:38:37.362940" elapsed="3.888576"/>
</test>
<test id="s1-t2" name="End to end ecommerce Product validation" line="31">
<kw name="Open The Browser With Different Browser" owner="Generic" type="SETUP">
<kw name="Open Browser" owner="SeleniumLibrary">
<msg time="2025-12-18T18:38:41.252163" level="INFO">Opening browser 'headlesschrome' to base url 'None'.</msg>
<arg>browser=headlesschrome</arg>
<arg>options=add_argument("--incognito"); add_argument("--window-size=1366,900")</arg>
<doc>Opens a new browser instance to the optional ``url``.</doc>
<status status="PASS" start="2025-12-18T18:38:41.252062" elapsed="0.256348"/>
</kw>
<kw name="Go To" owner="SeleniumLibrary">
<msg time="2025-12-18T18:38:41.508780" level="INFO">Opening url 'https://rahulshettyacademy.com/loginpagePractise/'</msg>
<arg>${url}</arg>
<doc>Navigates the current browser window to the provided ``url``.</doc>
<status status="PASS" start="2025-12-18T18:38:41.508633" elapsed="1.153314"/>
</kw>
<status status="PASS" start="2025-12-18T18:38:41.251916" elapsed="1.410116"/>
</kw>
<kw name="Fill the login Form" owner="LandingPage">
<kw name="Input Text" owner="SeleniumLibrary">
<msg time="2025-12-18T18:38:42.662592" level="INFO">Typing text 'rahulshettyacademy' into text field 'id:username'.</msg>
<arg>id:username</arg>
<arg>${username}</arg>
<doc>Types the given ``text`` into the text field identified by ``locator``.</doc>
<status status="PASS" start="2025-12-18T18:38:42.662464" elapsed="0.077997"/>
</kw>
<kw name="Input Password" owner="SeleniumLibrary">
<msg time="2025-12-18T18:38:42.740682" level="INFO">Typing password into text field 'id:password'.</msg>
<msg time="2025-12-18T18:38:42.750565" level="INFO">Temporally setting log level to: NONE</msg>
<arg>id:password</arg>
<arg>${password}</arg>
<doc>Types the given password into the text field identified by ``locator``.</doc>
<status status="PASS" start="2025-12-18T18:38:42.740563" elapsed="0.024009"/>
</kw>
<kw name="Click Button" owner="SeleniumLibrary">
<msg time="2025-12-18T18:38:42.764748" level="INFO">Clicking button 'signInBtn'.</msg>
<arg>signInBtn</arg>
<doc>Clicks the button identified by ``locator``.</doc>
<status status="PASS" start="2025-12-18T18:38:42.764661" elapsed="0.023087"/>
</kw>
<arg>${user_name}</arg>
<arg>${valid_password}</arg>
<status status="PASS" start="2025-12-18T18:38:42.662257" elapsed="0.125551"/>
</kw>
<kw name="Wait Until Element Is Located In The Page" owner="ShopPage">
<kw name="Wait until element passed is located on Page" owner="Generic">
<kw name="Wait Until Element Is Visible" owner="SeleniumLibrary">
<arg>${page_locator}</arg>
<arg>timeout=10</arg>
<doc>Waits until the element ``locator`` is visible.</doc>
<status status="PASS" start="2025-12-18T18:38:42.788207" elapsed="4.926807"/>
</kw>
<arg>${Shop_page_load}</arg>
<status status="PASS" start="2025-12-18T18:38:42.788106" elapsed="4.927032"/>
</kw>
<status status="PASS" start="2025-12-18T18:38:42.787964" elapsed="4.927224"/>
</kw>
<kw name="Verify Card titles in the Shop page" owner="ShopPage">
<kw name="Create List" owner="BuiltIn">
<msg time="2025-12-18T18:38:47.716098" level="INFO">@{expectedList} = [ iphone X | Samsung Note 8 | Nokia Edge | Blackberry ]</msg>
<var>@{expectedList}</var>
<arg>iphone X</arg>
<arg>Samsung Note 8</arg>
<arg>Nokia Edge</arg>
<arg>Blackberry</arg>
<doc>Returns a list containing given items.</doc>
<status status="PASS" start="2025-12-18T18:38:47.715904" elapsed="0.000224"/>
</kw>
<kw name="Get WebElements" owner="SeleniumLibrary">
<msg time="2025-12-18T18:38:47.723111" level="INFO">${elements} = [&lt;selenium.webdriver.remote.webelement.WebElement (session="b6e453516e54c30a2dd2a1222c559158", element="f.27B313DEB8A3FE7CD4FA7D8898725E75.d.9510F94C9F7E339AB0F4FCF839933652.e.50")&gt;, &lt;selenium.webdriv...</msg>
<var>${elements}</var>
<arg>css:.card-title</arg>
<doc>Returns a list of WebElement objects matching the ``locator``.</doc>
<status status="PASS" start="2025-12-18T18:38:47.716265" elapsed="0.006879"/>
</kw>
<kw name="Create List" owner="BuiltIn">
<msg time="2025-12-18T18:38:47.723348" level="INFO">@{actualList} = [ ]</msg>
<var>@{actualList}</var>
<doc>Returns a list containing given items.</doc>
<status status="PASS" start="2025-12-18T18:38:47.723250" elapsed="0.000116"/>
</kw>
<for flavor="IN">
<iter>
<kw name="Log" owner="BuiltIn">
<msg time="2025-12-18T18:38:47.731183" level="INFO">iphone X</msg>
<arg>${element.text}</arg>
<doc>Logs the given message with the given level.</doc>
<status status="PASS" start="2025-12-18T18:38:47.723689" elapsed="0.007539"/>
</kw>
<kw name="Append To List" owner="Collections">
<arg>${actualList}</arg>
<arg>${element.text}</arg>
<doc>Adds ``values`` to the end of ``list``.</doc>
<status status="PASS" start="2025-12-18T18:38:47.731335" elapsed="0.003831"/>
</kw>
<var name="${element}">&lt;selenium.webdriver.remote.webelement.WebElement (session="b6e453516e54c30a2dd2a1222c559158", element="f.27B313DEB8A3FE7CD4FA7D8898725E75.d.9510F94C9F7E339AB0F4FCF839933652.e.50")&gt;</var>
<status status="PASS" start="2025-12-18T18:38:47.723601" elapsed="0.011613"/>
</iter>
<iter>
<kw name="Log" owner="BuiltIn">
<msg time="2025-12-18T18:38:47.738626" level="INFO">Samsung Note 8</msg>
<arg>${element.text}</arg>
<doc>Logs the given message with the given level.</doc>
<status status="PASS" start="2025-12-18T18:38:47.735394" elapsed="0.003263"/>
</kw>
<kw name="Append To List" owner="Collections">
<arg>${actualList}</arg>
<arg>${element.text}</arg>
<doc>Adds ``values`` to the end of ``list``.</doc>
<status status="PASS" start="2025-12-18T18:38:47.738728" elapsed="0.002962"/>
</kw>
<var name="${element}">&lt;selenium.webdriver.remote.webelement.WebElement (session="b6e453516e54c30a2dd2a1222c559158", element="f.27B313DEB8A3FE7CD4FA7D8898725E75.d.9510F94C9F7E339AB0F4FCF839933652.e.51")&gt;</var>
<status status="PASS" start="2025-12-18T18:38:47.735321" elapsed="0.006396"/>
</iter>
<iter>
<kw name="Log" owner="BuiltIn">
<msg time="2025-12-18T18:38:47.744580" level="INFO">Nokia Edge</msg>
<arg>${element.text}</arg>
<doc>Logs the given message with the given level.</doc>
<status status="PASS" start="2025-12-18T18:38:47.741832" elapsed="0.002772"/>
</kw>
<kw name="Append To List" owner="Collections">
<arg>${actualList}</arg>
<arg>${element.text}</arg>
<doc>Adds ``values`` to the end of ``list``.</doc>
<status status="PASS" start="2025-12-18T18:38:47.744657" elapsed="0.002689"/>
</kw>
<var name="${element}">&lt;selenium.webdriver.remote.webelement.WebElement (session="b6e453516e54c30a2dd2a1222c559158", element="f.27B313DEB8A3FE7CD4FA7D8898725E75.d.9510F94C9F7E339AB0F4FCF839933652.e.52")&gt;</var>
<status status="PASS" start="2025-12-18T18:38:47.741783" elapsed="0.005596"/>
</iter>
<iter>
<kw name="Log" owner="BuiltIn">
<msg time="2025-12-18T18:38:47.750223" level="INFO">Blackberry</msg>
<arg>${element.text}</arg>
<doc>Logs the given message with the given level.</doc>
<status status="PASS" start="2025-12-18T18:38:47.747490" elapsed="0.002759"/>
</kw>
<kw name="Append To List" owner="Collections">
<arg>${actualList}</arg>
<arg>${element.text}</arg>
<doc>Adds ``values`` to the end of ``list``.</doc>
<status status="PASS" start="2025-12-18T18:38:47.750307" elapsed="0.002682"/>
</kw>
<var name="${element}">&lt;selenium.webdriver.remote.webelement.WebElement (session="b6e453516e54c30a2dd2a1222c559158", element="f.27B313DEB8A3FE7CD4FA7D8898725E75.d.9510F94C9F7E339AB0F4FCF839933652.e.53")&gt;</var>
<status status="PASS" start="2025-12-18T18:38:47.747441" elapsed="0.005572"/>
</iter>
<var>${element}</var>
<value>@{elements}</value>
<status status="PASS" start="2025-12-18T18:38:47.723436" elapsed="0.029600"/>
</for>
<kw name="Lists Should Be Equal" owner="Collections">
<arg>${expectedList}</arg>
<arg>${actualList}</arg>
<doc>Fails if given lists are unequal.</doc>
<status status="PASS" start="2025-12-18T18:38:47.753113" elapsed="0.000085"/>
</kw>
<status status="PASS" start="2025-12-18T18:38:47.715587" elapsed="0.037642"/>
</kw>
<kw name="Add Items To Cart And Checkout" owner="Shop">
<msg time="2025-12-18T18:38:47.762399" level="INFO">Clicking button 'xpath:(//*[@class='card-footer'])[3]/button'.</msg>
<msg time="2025-12-18T18:38:47.789310" level="INFO">Clicking button 'xpath:(//*[@class='card-footer'])[4]/button'.</msg>
<msg time="2025-12-18T18:38:47.810821" level="INFO">Clicking link 'css:li.active a'.</msg>
<arg>${listOfProducts}</arg>
<status status="PASS" start="2025-12-18T18:38:47.753345" elapsed="0.078406"/>
</kw>
<kw name="Verify Items In The Checkout Page And Proceed" owner="CheckoutPage">
<kw name="Click Element" owner="SeleniumLibrary">
<msg time="2025-12-18T18:38:47.832090" level="INFO">Clicking element 'css:.btn-success'.</msg>
<arg>css:.btn-success</arg>
<doc>Click the element identified by ``locator``.</doc>
<status status="PASS" start="2025-12-18T18:38:47.832014" elapsed="0.022487"/>
</kw>
<status status="PASS" start="2025-12-18T18:38:47.831892" elapsed="0.022665"/>
</kw>
<kw name="Enter The Country And Select The Terms" owner="ConfirmationPage">
<kw name="Input Text" owner="SeleniumLibrary">
<msg time="2025-12-18T18:38:47.855075" level="INFO">Typing text 'India' into text field 'country'.</msg>
<arg>country</arg>
<arg>${country_name}</arg>
<doc>Types the given ``text`` into the text field identified by ``locator``.</doc>
<status status="PASS" start="2025-12-18T18:38:47.854973" elapsed="0.023049"/>
</kw>
<kw name="Wait until element passed is located on Page" owner="Generic">
<kw name="Wait Until Element Is Visible" owner="SeleniumLibrary">
<arg>${page_locator}</arg>
<arg>timeout=10</arg>
<doc>Waits until the element ``locator`` is visible.</doc>
<status status="PASS" start="2025-12-18T18:38:47.878288" elapsed="5.074891"/>
</kw>
<arg>//a[text()='${country_name}']</arg>
<status status="PASS" start="2025-12-18T18:38:47.878135" elapsed="5.075227"/>
</kw>
<kw name="Click Element" owner="SeleniumLibrary">
<msg time="2025-12-18T18:38:52.953985" level="INFO">Clicking element '//a[text()='India']'.</msg>
<arg>//a[text()='${country_name}']</arg>
<doc>Click the element identified by ``locator``.</doc>
<status status="PASS" start="2025-12-18T18:38:52.953598" elapsed="0.032636"/>
</kw>
<kw name="Sleep" owner="BuiltIn">
<msg time="2025-12-18T18:38:54.988355" level="INFO">Slept 2 seconds.</msg>
<arg>2</arg>
<doc>Pauses the test executed for the given time.</doc>
<status status="PASS" start="2025-12-18T18:38:52.986449" elapsed="2.002092"/>
</kw>
<kw name="Click Element" owner="SeleniumLibrary">
<msg time="2025-12-18T18:38:54.989059" level="INFO">Clicking element 'css:.checkbox label'.</msg>
<arg>css:.checkbox label</arg>
<doc>Click the element identified by ``locator``.</doc>
<status status="PASS" start="2025-12-18T18:38:54.988791" elapsed="0.041246"/>
</kw>
<arg>${country_name}</arg>
<status status="PASS" start="2025-12-18T18:38:47.854791" elapsed="7.175362"/>
</kw>
<kw name="Purchase the Product and Confirm the Purchase" owner="ConfirmationPage">
<kw name="Click Button" owner="SeleniumLibrary">
<msg time="2025-12-18T18:38:55.030761" level="INFO">Clicking button 'css:.btn-success'.</msg>
<arg>css:.btn-success</arg>
<doc>Clicks the button identified by ``locator``.</doc>
<status status="PASS" start="2025-12-18T18:38:55.030622" elapsed="0.025359"/>
</kw>
<kw name="Page Should Contain" owner="SeleniumLibrary">
<msg time="2025-12-18T18:38:55.060993" level="INFO">Current page contains text 'Success!'.</msg>
<arg>Success!</arg>
<doc>Verifies that current page contains ``text``.</doc>
<status status="PASS" start="2025-12-18T18:38:55.056086" elapsed="0.004947"/>
</kw>
<status status="PASS" start="2025-12-18T18:38:55.030396" elapsed="0.030694"/>
</kw>
<kw name="Close Browser Session" owner="Generic" type="TEARDOWN">
<kw name="Close Browser" owner="SeleniumLibrary">
<doc>Closes the current browser.</doc>
<status status="PASS" start="2025-12-18T18:38:55.061358" elapsed="0.068462"/>
</kw>
<status status="PASS" start="2025-12-18T18:38:55.061241" elapsed="0.068641"/>
</kw>
<tag>REGRESSION</tag>
<status status="PASS" start="2025-12-18T18:38:41.251694" elapsed="13.878248"/>
</test>
<doc>To validate the Login form
Custom library
Call keywords from collection</doc>
<status status="PASS" start="2025-12-18T18:38:37.315351" elapsed="17.814867"/>
</suite>
<statistics>
<total>
<stat pass="2" fail="0" skip="0">All Tests</stat>
</total>
<tag>
<stat pass="1" fail="0" skip="0">REGRESSION</stat>
<stat pass="1" fail="0" skip="0">SMOKE</stat>
</tag>
<suite>
<stat name="testDemo6" id="s1" pass="2" fail="0" skip="0">testDemo6</stat>
</suite>
</statistics>
<errors>
</errors>
</robot>
